<?xml version="1.0" encoding="UTF-8"?>
<!-- Generated by org.testng.reporters.JUnitXMLReporter -->
<testsuite hostname="PC-20161026ZCQN" name="运费贷发标测试用例" tests="5" failures="4" timestamp="23 Jan 2017 01:50:28 GMT" time="19.379" errors="0">
  <testcase name="Login" time="3.741" classname="org.webdriver.mindaiwebui.cases.LoginTest">
    <failure type="java.lang.AssertionError" message="expected [0] but found [1]">
      <![CDATA[java.lang.AssertionError: expected [0] but found [1]
	at org.webdriver.mindaiwebui.utils.Assertion.VerityError(Assertion.java:1042)
	at org.webdriver.mindaiwebui.cases.LoginTest.Login(LoginTest.java:57)
... Removed 29 stack frames]]>
    </failure>
  </testcase> <!-- Login -->
  <testcase name="Login" time="2.949" classname="org.webdriver.mindaiwebui.cases.LoginTest">
    <failure type="java.lang.AssertionError" message="expected [0] but found [1]">
      <![CDATA[java.lang.AssertionError: expected [0] but found [1]
	at org.webdriver.mindaiwebui.utils.Assertion.VerityError(Assertion.java:1042)
	at org.webdriver.mindaiwebui.cases.LoginTest.Login(LoginTest.java:57)
... Removed 29 stack frames]]>
    </failure>
  </testcase> <!-- Login -->
  <testcase name="Login" time="2.678" classname="org.webdriver.mindaiwebui.cases.LoginTest"/>
  <testcase name="Login" time="2.863" classname="org.webdriver.mindaiwebui.cases.LoginTest">
    <failure type="java.lang.AssertionError" message="expected [0] but found [1]">
      <![CDATA[java.lang.AssertionError: expected [0] but found [1]
	at org.webdriver.mindaiwebui.utils.Assertion.VerityError(Assertion.java:1042)
	at org.webdriver.mindaiwebui.cases.LoginTest.Login(LoginTest.java:57)
... Removed 29 stack frames]]>
    </failure>
  </testcase> <!-- Login -->
  <testcase name="login" time="3.638" classname="org.webdriver.mindaiwebui.cases.LoginTest">
    <failure type="java.lang.AssertionError" message="expected [0] but found [1]">
      <![CDATA[java.lang.AssertionError: expected [0] but found [1]
	at org.webdriver.mindaiwebui.utils.Assertion.VerityError(Assertion.java:1042)
	at org.webdriver.mindaiwebui.cases.LoginTest.login(LoginTest.java:34)
... Removed 29 stack frames]]>
    </failure>
  </testcase> <!-- login -->
</testsuite> <!-- 运费贷发标测试用例 -->
