<!DOCTYPE html PUBLIC "-//W3C//DTD XHTML 1.1//EN" "http://www.w3.org/TR/xhtml11/DTD/xhtml11.dtd">
<html xmlns="http://www.w3.org/1999/xhtml"><head><title>TestNG Report</title><style type="text/css">table {margin-bottom:10px;border-collapse:collapse;empty-cells:show}th,td {border:1px solid #009;padding:.25em .5em}th {vertical-align:bottom}td {vertical-align:top}table a {font-weight:bold}.stripe td {background-color: #E6EBF9}.num {text-align:right}.passedodd td {background-color: #3F3}.passedeven td {background-color: #0A0}.skippedodd td {background-color: #DDD}.skippedeven td {background-color: #CCC}.failedodd td,.attn {background-color: #F33}.failedeven td,.stripe .attn {background-color: #D00}.stacktrace {white-space:pre;font-family:monospace}.totop {font-size:85%;text-align:center;border-bottom:2px solid #000}</style></head><body><table><tr><th>Test</th><th># Passed</th><th># Skipped</th><th># Failed</th><th>Time (ms)</th><th>Included Groups</th><th>Excluded Groups</th></tr><tr><th colspan="7">Suite</th></tr><tr><td><a href="#t0">运费贷发标测试用例</a></td><td class="num">1</td><td class="num">0</td><td class="num attn">4</td><td class="num">19,379</td><td></td><td></td></tr></table><table><thead><tr><th>Class</th><th>Method</th><th>Start</th><th>Time (ms)</th></tr></thead><tbody><tr><th colspan="4">Suite</th></tr></tbody><tbody id="t0"><tr><th colspan="4">运费贷发标测试用例 &#8212; failed</th></tr><tr class="failedeven"><td rowspan="4">org.webdriver.mindaiwebui.cases.LoginTest</td><td><a href="#m0">Login</a></td><td rowspan="3">1485136212535</td><td rowspan="3">3741</td></tr><tr class="failedeven"><td><a href="#m1">Login</a></td></tr><tr class="failedeven"><td><a href="#m2">Login</a></td></tr><tr class="failedeven"><td><a href="#m3">login</a></td><td rowspan="1">1485136224791</td><td rowspan="1">3638</td></tr><tr><th colspan="4">运费贷发标测试用例 &#8212; passed</th></tr><tr class="passedeven"><td rowspan="1">org.webdriver.mindaiwebui.cases.LoginTest</td><td><a href="#m4">Login</a></td><td rowspan="1">1485136219239</td><td rowspan="1">2678</td></tr></tbody></table><h2>运费贷发标测试用例</h2><h3 id="m0">org.webdriver.mindaiwebui.cases.LoginTest#Login</h3><table class="result"><tr class="param"><th>Parameter #1</th><th>Parameter #2</th><th>Parameter #3</th><th>Parameter #4</th></tr><tr class="param stripe"><td>13928755754</td><td>123123</td><td>123456</td><td>15011840000</td></tr><tr><th colspan="4">Exception</th></tr><tr><td colspan="4"><div class="stacktrace">java.lang.AssertionError: expected [0] but found [1]
	at org.webdriver.mindaiwebui.utils.Assertion.VerityError(Assertion.java:1042)
	at org.webdriver.mindaiwebui.cases.LoginTest.Login(LoginTest.java:57)
... Removed 29 stack frames</div></td></tr></table><p class="totop"><a href="#summary">back to summary</a></p><h3 id="m1">org.webdriver.mindaiwebui.cases.LoginTest#Login</h3><table class="result"><tr class="param"><th>Parameter #1</th><th>Parameter #2</th><th>Parameter #3</th><th>Parameter #4</th></tr><tr class="param stripe"><td>13928755754</td><td></td><td>123456</td><td>13928755754</td></tr><tr><th colspan="4">Exception</th></tr><tr><td colspan="4"><div class="stacktrace">java.lang.AssertionError: expected [0] but found [1]
	at org.webdriver.mindaiwebui.utils.Assertion.VerityError(Assertion.java:1042)
	at org.webdriver.mindaiwebui.cases.LoginTest.Login(LoginTest.java:57)
... Removed 29 stack frames</div></td></tr></table><p class="totop"><a href="#summary">back to summary</a></p><h3 id="m2">org.webdriver.mindaiwebui.cases.LoginTest#Login</h3><table class="result"><tr class="param"><th>Parameter #1</th><th>Parameter #2</th><th>Parameter #3</th><th>Parameter #4</th></tr><tr class="param stripe"><td>13928755754</td><td>123456</td><td>123456</td><td>13928755754</td></tr><tr><th colspan="4">Exception</th></tr><tr><td colspan="4"><div class="stacktrace">java.lang.AssertionError: expected [0] but found [1]
	at org.webdriver.mindaiwebui.utils.Assertion.VerityError(Assertion.java:1042)
	at org.webdriver.mindaiwebui.cases.LoginTest.Login(LoginTest.java:57)
... Removed 29 stack frames</div></td></tr></table><p class="totop"><a href="#summary">back to summary</a></p><h3 id="m3">org.webdriver.mindaiwebui.cases.LoginTest#login</h3><table class="result"><tr class="param"><th>Parameter #1</th></tr><tr class="param stripe"><td>http://121.196.208.139:3030</td></tr><tr><th>Exception</th></tr><tr><td><div class="stacktrace">java.lang.AssertionError: expected [0] but found [1]
	at org.webdriver.mindaiwebui.utils.Assertion.VerityError(Assertion.java:1042)
	at org.webdriver.mindaiwebui.cases.LoginTest.login(LoginTest.java:34)
... Removed 29 stack frames</div></td></tr></table><p class="totop"><a href="#summary">back to summary</a></p><h3 id="m4">org.webdriver.mindaiwebui.cases.LoginTest#Login</h3><table class="result"><tr class="param"><th>Parameter #1</th><th>Parameter #2</th><th>Parameter #3</th><th>Parameter #4</th></tr><tr class="param stripe"><td></td><td></td><td>123456</td><td></td></tr></table><p class="totop"><a href="#summary">back to summary</a></p></body></html>